2021/10/01 08:09:30|Mengisi formulir identitas, formulir calon anak magang
2021/10/01 10:00:45|Presentasi pengenalan produk produk bosch
2021/10/01 12:30:12|Isomah
2021/10/01 14:30:25|Mengerjakan database (Daftar Nomor Telpon)
2021/10/01 15:30:50|Training sound system, training plena easy solutions
2021/10/01 17:00:53|Pulang
2021/10/02 08:15:00|Lanjut mengerjakan database
2021/10/02 09:00:05|Pengarahan dari direktur bosch
2021/10/02 10:00:12|Training
2021/10/02 12:00:15|Isomah
2021/10/02 13:35:18|Lanjut training
2021/10/02 14:20:22|Pulang
2021/10/04 09:00:16|Training plena easy, plena solution,plena vas
2021/10/04 12:05:18|Isomah
2021/10/04 13:40:22|Lanjut training
2021/10/04 10:34:31|Maintenance
2021/10/04 10:45:44|Mengerjakan ploting cctv lantai 1 sampai lantai 3
2021/10/04 05:00:37|Pulang
2021/10/06 10:35:53|Absen jam 8:00
2021/10/06 10:36:12|Memasang kabel pada terminal
2021/10/06 10:51:47|Lanjut buat plot cctv
2021/10/06 04:43:21|Presentasi training plot cctv dan sound system
2021/10/06 04:44:15|Isomah
2021/10/06 05:58:26|Pulang
2021/10/06 05:58:57|Ikut perbaikan
2021/10/07 08:14:04|Absen
2021/10/07 09:09:56|Membuat plot cctv dan sound system
2021/10/07 05:10:24|Pulang
2021/10/08 12:18:00|Training Fire Alarm
2021/10/08 12:18:15|Jumatan
2021/10/08 12:18:39|Mengerjakan ploting fire system
2021/10/08 13:10:49|Ploting cctv with sound system
2021/10/08 17:17:53|Pulang
2021/10/09 08:19:58|Lanjut ploting
2021/10/09 12:00:24|Buat plot fire alarm system
2021/10/09 12:39:37|Istirahat
2021/10/09 01:07:19|Isomah
2021/10/09 01:55:45|Bmc jack power
2021/10/11 08:15:59|Masuk
2021/10/11 09:15:59|Pasang CCTV
2021/10/12 08:15:59|Masuk
2021/10/12 09:03:41|Masang cctv
2021/10/13 08:15:59|Masuk
2021/10/13 09:03:41|Masang cctv
2021/10/14 08:15:59|Masuk
2021/10/14 09:03:41|Masang cctv
2021/10/15 08:10:58|Absen
2021/10/15 08:11:10|Ploting cctv
2021/10/15 11:11:27|Maintenance di Kariangau MMI
2021/10/16 08:05|Ploting Fire
2021/10/18 08:06|Ploting Sound System
2021/10/19 08:06|Ploting Sound System With CCTV
2021/10/20 08:06|Membuat spesifikasi teknis
2021/10/21 08:06|Membuat Spesifikasi Teknis
2021/10/22 08:06|Membuat Spesifikasi Teknis
2021/10/23 08:07|Membuat Spesifikasi Teknis
2021/10/25 08:10|Membuat Spesifikasi Teknis
2021/10/26 08:12|Edit Video
2021/10/27 08:10|Edit Video
2021/10/28 08:05|Antar barang projek ke samarinda
2021/10/29 08:06:34|Membuat Spesifikasi Teknis
2021/10/30 08:15:19|Absen
2021/10/30 13:15:19|Projek Maintenance Hotel Harris Samarinda
2021/10/31 08:20:58|Projek Maintenance Hotel Harris Samarinda
2021/11/01 08:20:32|Projek Maintenance Hotel Harris Samarinda
2021/11/02 08:20:40|Projek Maintenance Hotel Harris Samarinda
2021/11/03 08:20:46|Projek Maintenance Hotel Harris Samarinda
2021/11/04 08:20:51|Projek Maintenance Hotel Harris Samarinda
2021/11/05 08:20:57|Projek Maintenance Hotel Harris Samarinda
2021/11/06 08:20:16|Projek Maintenance Hotel Harris Samarinda
2021/11/07 08:20:28|Projek Maintenance Hotel Harris Samarinda
2021/11/08 08:20:37|Projek Maintenance Hotel Harris Samarinda
2021/11/09 08:20:50|Projek Maintenance Hotel Harris Samarinda
2021/11/10 08:20:54|Projek Maintenance Hotel Harris Samarinda
2021/11/11 08:20:58|Projek Maintenance Hotel Harris Samarinda
2021/11/12 08:20:01|Projek Maintenance Hotel Harris Samarinda
2021/11/13 08:20:04|Projek Maintenance Hotel Harris Samarinda
2021/11/14 08:20:10|Projek Maintenance Hotel Harris Samarinda
2021/11/15 08:20:16|Projek Maintenance Hotel Harris Samarinda
2021/11/16 08:20:21|Projek Maintenance Hotel Harris Samarinda
2021/11/17 08:20:27|Projek Maintenance Hotel Harris Samarinda
2021/11/18 08:20:51|Projek Maintenance Hotel Harris Samarinda
2021/11/19 08:20:56|Projek Maintenance Hotel Harris Samarinda
2021/11/19 05:23:33|Kembali Ke Balikpapan
2021/11/22 08:23:42|Training Fire Alarm Semi Addresseble
2021/11/22 17:23:36|Training fire alarm Full Addresseble
2021/11/23 08:24:05|Ngecat terminal box
2021/11/24 08:26:53|Ngecat Terminal Box
2021/11/25 08:26:17|Ngecat
